[debug] [2025-03-01T08:34:50.537Z] ----------------------------------------------------------------------
[debug] [2025-03-01T08:34:50.544Z] Command:       C:\Program Files\nodejs\node.exe C:\Program Files\nodejs\node_modules\firebase-tools\lib\bin\firebase.js init
[debug] [2025-03-01T08:34:50.545Z] CLI Version:   13.32.0
[debug] [2025-03-01T08:34:50.545Z] Platform:      win32
[debug] [2025-03-01T08:34:50.545Z] Node Version:  v21.7.1
[debug] [2025-03-01T08:34:50.546Z] Time:          Sat Mar 01 2025 14:04:50 GMT+0530 (India Standard Time)
[debug] [2025-03-01T08:34:50.547Z] ----------------------------------------------------------------------
[debug] 
[debug] [2025-03-01T08:34:50.565Z] > command requires scopes: ["email","openid","https://www.googleapis.com/auth/cloudplatformprojects.readonly","https://www.googleapis.com/auth/firebase","https://www.googleapis.com/auth/cloud-platform"]
[debug] [2025-03-01T08:34:50.566Z] > authorizing via signed-in user (suhailbasha1608@gmail.com)
[info] 
     ######## #### ########  ######## ########     ###     ######  ########
     ##        ##  ##     ## ##       ##     ##  ##   ##  ##       ##
     ######    ##  ########  ######   ########  #########  ######  ######
     ##        ##  ##    ##  ##       ##     ## ##     ##       ## ##
     ##       #### ##     ## ######## ########  ##     ##  ######  ########

You're about to initialize a Firebase project in this directory:

  C:\Users\djang\OneDrive\Desktop\New folder\todo-app

[info] 
=== Project Setup
[info] 
[info] First, let's associate this project directory with a Firebase project.
[info] You can create multiple project aliases by running firebase use --add, 
[info] but for now we'll just set up a default project.
[info] 
[debug] [2025-03-01T08:35:08.963Z] Checked if tokens are valid: true, expires at: 1740821600552
[debug] [2025-03-01T08:35:08.963Z] Checked if tokens are valid: true, expires at: 1740821600552
[debug] [2025-03-01T08:35:08.967Z] >>> [apiv2][query] GET https://firebase.googleapis.com/v1beta1/projects pageSize=100
[debug] [2025-03-01T08:35:10.141Z] <<< [apiv2][status] GET https://firebase.googleapis.com/v1beta1/projects 200
[debug] [2025-03-01T08:35:10.142Z] <<< [apiv2][body] GET https://firebase.googleapis.com/v1beta1/projects [omitted]
[info] i  Using project todo-app-746b7 (TODO App) 
[info] 
=== Hosting Setup
[debug] [2025-03-01T08:35:12.672Z] Checked if tokens are valid: true, expires at: 1740821600552
[debug] [2025-03-01T08:35:12.673Z] Checked if tokens are valid: true, expires at: 1740821600552
[debug] [2025-03-01T08:35:12.673Z] >>> [apiv2][query] GET https://firebase.googleapis.com/v1beta1/projects/todo-app-746b7 [none]
[debug] [2025-03-01T08:35:13.064Z] <<< [apiv2][status] GET https://firebase.googleapis.com/v1beta1/projects/todo-app-746b7 200
[debug] [2025-03-01T08:35:13.065Z] <<< [apiv2][body] GET https://firebase.googleapis.com/v1beta1/projects/todo-app-746b7 {"projectId":"todo-app-746b7","projectNumber":"534188160755","displayName":"TODO App","name":"projects/todo-app-746b7","resources":{"hostingSite":"todo-app-746b7"},"state":"ACTIVE","etag":"1_cba0b53a-7a2a-49d2-9281-8b99752355a3"}
[info] 
[info] Your public directory is the folder (relative to your project directory) that
[info] will contain Hosting assets to be uploaded with firebase deploy. If you
[info] have a build process for your assets, use your build's output directory.
[info] 
[info] +  Wrote .next/404.html 
[debug] [2025-03-01T08:41:46.422Z] >>> [apiv2][query] GET https://www.gstatic.com/firebasejs/releases.json [none]
[debug] [2025-03-01T08:41:46.777Z] <<< [apiv2][status] GET https://www.gstatic.com/firebasejs/releases.json 200
[debug] [2025-03-01T08:41:46.777Z] <<< [apiv2][body] GET https://www.gstatic.com/firebasejs/releases.json {"current":{"version":"11.4.0","browserURL":"https://www.gstatic.com/firebasejs/11.4.0/firebase.js","packageURL":"https://www.gstatic.com/firebasejs/11.4.0/firebase.tgz"},"live":{"version":"11.4","browserURL":"https://www.gstatic.com/firebasejs/live/11.4/firebase.js","packageURL":"https://www.gstatic.com/firebasejs/live/11.4/firebase.tgz"},"components":{"analytics":"https://www.gstatic.com/firebasejs/11.4.0/firebase-analytics.js","app":"https://www.gstatic.com/firebasejs/11.4.0/firebase-app.js","app-check":"https://www.gstatic.com/firebasejs/11.4.0/firebase-app-check.js","auth":"https://www.gstatic.com/firebasejs/11.4.0/firebase-auth.js","auth/cordova":"https://www.gstatic.com/firebasejs/11.4.0/firebase-auth/cordova.js","auth/web-extension":"https://www.gstatic.com/firebasejs/11.4.0/firebase-auth/web-extension.js","functions":"https://www.gstatic.com/firebasejs/11.4.0/firebase-functions.js","firestore":"https://www.gstatic.com/firebasejs/11.4.0/firebase-firestore.js","firestore/lite":"https://www.gstatic.com/firebasejs/11.4.0/firebase-firestore/lite.js","installations":"https://www.gstatic.com/firebasejs/11.4.0/firebase-installations.js","storage":"https://www.gstatic.com/firebasejs/11.4.0/firebase-storage.js","performance":"https://www.gstatic.com/firebasejs/11.4.0/firebase-performance.js","remote-config":"https://www.gstatic.com/firebasejs/11.4.0/firebase-remote-config.js","messaging":"https://www.gstatic.com/firebasejs/11.4.0/firebase-messaging.js","messaging/sw":"https://www.gstatic.com/firebasejs/11.4.0/firebase-messaging/sw.js","database":"https://www.gstatic.com/firebasejs/11.4.0/firebase-database.js","vertexai":"https://www.gstatic.com/firebasejs/11.4.0/firebase-vertexai.js","data-connect":"https://www.gstatic.com/firebasejs/11.4.0/firebase-data-connect.js","firestore.memory":"https://www.gstatic.com/firebasejs/11.4.0/firebase-firestore.memory.js"}}
[info] +  Wrote .next/index.html 
[info] 
[info] i  Detected a .git folder at C:\Users\djang\OneDrive\Desktop\New folder\todo-app 
[info] i  Authorizing with GitHub to upload your service account to a GitHub repository's secrets store. 
[info] 
[info] Visit this URL on this device to log in:
[info] https://github.com/login/oauth/authorize?client_id=89cf50f02ac6aaed3484&state=687040635&redirect_uri=http%3A%2F%2Flocalhost%3A9005&scope=read%3Auser%20repo%20public_repo
[info] 
[info] Waiting for authentication...
[debug] [2025-03-01T08:42:02.681Z] >>> [apiv2][query] POST https://github.com/login/oauth/access_token [none]
[debug] [2025-03-01T08:42:02.682Z] >>> [apiv2][body] POST https://github.com/login/oauth/access_token [stream]
[debug] [2025-03-01T08:42:03.199Z] <<< [apiv2][status] POST https://github.com/login/oauth/access_token 200
[debug] [2025-03-01T08:42:03.199Z] <<< [apiv2][body] POST https://github.com/login/oauth/access_token {"access_token":"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","token_type":"bearer","scope":"read:user,repo"}
[debug] [2025-03-01T08:42:03.230Z] >>> [apiv2][query] GET https://api.github.com/user [none]
[debug] [2025-03-01T08:42:03.843Z] <<< [apiv2][status] GET https://api.github.com/user 200
[debug] [2025-03-01T08:42:03.844Z] <<< [apiv2][body] GET https://api.github.com/user {"login":"Suhail1608","id":113126346,"node_id":"U_kgDOBr4ryg","avatar_url":"https://avatars.githubusercontent.com/u/113126346?v=4","gravatar_id":"","url":"https://api.github.com/users/Suhail1608","html_url":"https://github.com/Suhail1608","followers_url":"https://api.github.com/users/Suhail1608/followers","following_url":"https://api.github.com/users/Suhail1608/following{/other_user}","gists_url":"https://api.github.com/users/Suhail1608/gists{/gist_id}","starred_url":"https://api.github.com/users/Suhail1608/starred{/owner}{/repo}","subscriptions_url":"https://api.github.com/users/Suhail1608/subscriptions","organizations_url":"https://api.github.com/users/Suhail1608/orgs","repos_url":"https://api.github.com/users/Suhail1608/repos","events_url":"https://api.github.com/users/Suhail1608/events{/privacy}","received_events_url":"https://api.github.com/users/Suhail1608/received_events","type":"User","user_view_type":"private","site_admin":false,"name":null,"company":null,"blog":"","location":null,"email":null,"hireable":null,"bio":null,"twitter_username":null,"notification_email":null,"public_repos":15,"public_gists":0,"followers":0,"following":1,"created_at":"2022-09-08T15:49:16Z","updated_at":"2025-03-01T08:41:54Z","private_gists":0,"total_private_repos":16,"owned_private_repos":16,"disk_usage":150077,"collaborators":2,"two_factor_authentication":false,"plan":{"name":"free","space":976562499,"collaborators":0,"private_repos":10000}}
[info] 
[info] +  Success! Logged into GitHub as Suhail1608 
[info] 
[debug] [2025-03-01T08:43:04.105Z] >>> [apiv2][query] GET https://api.github.com/repos//actions/secrets/public-key type=owner
[debug] [2025-03-01T08:43:04.485Z] <<< [apiv2][status] GET https://api.github.com/repos//actions/secrets/public-key 404
[debug] [2025-03-01T08:43:04.485Z] <<< [apiv2][body] GET https://api.github.com/repos//actions/secrets/public-key {"message":"Not Found","documentation_url":"https://docs.github.com/rest","status":"404"}
[info] 
[info] 
[error] !  The provided authorization cannot be used with this repository. If this repository is in an organization, did you remember to grant access? 
[info] 
[info] i  Action required: Visit this URL to ensure access has been granted to the appropriate organization(s) for the Firebase CLI GitHub OAuth App: 
[info] https://github.com/settings/connections/applications/89cf50f02ac6aaed3484
[info] 
[debug] [2025-03-01T08:43:23.609Z] >>> [apiv2][query] GET https://api.github.com/repos/n/actions/secrets/public-key type=owner
[debug] [2025-03-01T08:43:25.118Z] <<< [apiv2][status] GET https://api.github.com/repos/n/actions/secrets/public-key 404
[debug] [2025-03-01T08:43:25.118Z] <<< [apiv2][body] GET https://api.github.com/repos/n/actions/secrets/public-key {"message":"Not Found","documentation_url":"https://docs.github.com/rest","status":"404"}
[info] 
[info] 
[error] !  The provided authorization cannot be used with this repository. If this repository is in an organization, did you remember to grant access? 
[info] 
[info] i  Action required: Visit this URL to ensure access has been granted to the appropriate organization(s) for the Firebase CLI GitHub OAuth App: 
[info] https://github.com/settings/connections/applications/89cf50f02ac6aaed3484
[info] 
